1579102088646	mozrunner::runner	INFO	Running command: "C:\\Program Files\\Mozilla Firefox\\firefox.exe" "-marionette" "-foreground" "-no-remote" "-profile" "C:\\Users\\Home\\AppData\\Local\\Temp\\rust_mozprofileYQlz31"
1579102089741	addons.webextension.doh-rollout@mozilla.org	WARN	Loading extension 'doh-rollout@mozilla.org': Reading manifest: Invalid extension permission: networkStatus
1579102089964	addons.webextension.screenshots@mozilla.org	WARN	Loading extension 'screenshots@mozilla.org': Reading manifest: Invalid extension permission: mozillaAddons
1579102089964	addons.webextension.screenshots@mozilla.org	WARN	Loading extension 'screenshots@mozilla.org': Reading manifest: Invalid extension permission: telemetry
1579102089964	addons.webextension.screenshots@mozilla.org	WARN	Loading extension 'screenshots@mozilla.org': Reading manifest: Invalid extension permission: resource://pdf.js/
1579102089965	addons.webextension.screenshots@mozilla.org	WARN	Loading extension 'screenshots@mozilla.org': Reading manifest: Invalid extension permission: about:reader*
JavaScript error: resource://gre/modules/XULStore.jsm, line 66: Error: Can't find profile directory.
1579102092708	Marionette	INFO	Listening on port 52593
1579102092795	Marionette	WARN	TLS certificate errors will be ignored for this session
JavaScript warning: https://ajax.googleapis.com/ajax/libs/jquery/1.9.1/jquery.min.js, line 2: Using //@ to indicate sourceMappingURL pragmas is deprecated. Use //# instead
JavaScript warning: https://ajax.googleapis.com/ajax/libs/jquery/1.9.1/jquery.min.js, line 2: Using //@ to indicate sourceMappingURL pragmas is deprecated. Use //# instead
1579102096583	Marionette	WARN	TimedPromise timed out after 500 ms: stacktrace:
bail@chrome://marionette/content/sync.js:237:64
1579102097772	Marionette	WARN	TimedPromise timed out after 500 ms: stacktrace:
bail@chrome://marionette/content/sync.js:237:64
JavaScript warning: https://ajax.googleapis.com/ajax/libs/jquery/1.9.1/jquery.min.js, line 2: Using //@ to indicate sourceMappingURL pragmas is deprecated. Use //# instead
JavaScript warning: https://ajax.googleapis.com/ajax/libs/jquery/1.9.1/jquery.min.js, line 2: Using //@ to indicate sourceMappingURL pragmas is deprecated. Use //# instead
1579102103737	Marionette	INFO	Stopped listening on port 52593

###!!! [Child][MessageChannel::SendAndWait] Error: Channel error: cannot send/recv

1579102141049	mozrunner::runner	INFO	Running command: "C:\\Program Files\\Mozilla Firefox\\firefox.exe" "-marionette" "-foreground" "-no-remote" "-profile" "C:\\Users\\Home\\AppData\\Local\\Temp\\rust_mozprofileGTSkCs"
1579102141612	addons.webextension.doh-rollout@mozilla.org	WARN	Loading extension 'doh-rollout@mozilla.org': Reading manifest: Invalid extension permission: networkStatus
1579102141752	addons.webextension.screenshots@mozilla.org	WARN	Loading extension 'screenshots@mozilla.org': Reading manifest: Invalid extension permission: mozillaAddons
1579102141752	addons.webextension.screenshots@mozilla.org	WARN	Loading extension 'screenshots@mozilla.org': Reading manifest: Invalid extension permission: telemetry
1579102141752	addons.webextension.screenshots@mozilla.org	WARN	Loading extension 'screenshots@mozilla.org': Reading manifest: Invalid extension permission: resource://pdf.js/
1579102141752	addons.webextension.screenshots@mozilla.org	WARN	Loading extension 'screenshots@mozilla.org': Reading manifest: Invalid extension permission: about:reader*
JavaScript error: resource://gre/modules/XULStore.jsm, line 66: Error: Can't find profile directory.
1579102143821	Marionette	INFO	Listening on port 52667
1579102144198	Marionette	WARN	TLS certificate errors will be ignored for this session
JavaScript warning: https://ajax.googleapis.com/ajax/libs/jquery/1.9.1/jquery.min.js, line 2: Using //@ to indicate sourceMappingURL pragmas is deprecated. Use //# instead
JavaScript warning: https://ajax.googleapis.com/ajax/libs/jquery/1.9.1/jquery.min.js, line 2: Using //@ to indicate sourceMappingURL pragmas is deprecated. Use //# instead
JavaScript warning: https://ajax.googleapis.com/ajax/libs/jquery/1.9.1/jquery.min.js, line 2: Using //@ to indicate sourceMappingURL pragmas is deprecated. Use //# instead
JavaScript warning: https://ajax.googleapis.com/ajax/libs/jquery/1.9.1/jquery.min.js, line 2: Using //@ to indicate sourceMappingURL pragmas is deprecated. Use //# instead
1579102156014	Marionette	INFO	Stopped listening on port 52667

###!!! [Child][MessageChannel] Error: (msgtype=0x540018,name=PHal::Msg_UnlockScreenOrientation) Channel closing: too late to send/recv, messages will be lost


###!!! [Child][MessageChannel] Error: (msgtype=0x540018,name=PHal::Msg_UnlockScreenOrientation) Channel closing: too late to send/recv, messages will be lost


###!!! [Child][RunMessage] Error: Channel closing: too late to send/recv, messages will be lost


###!!! [Child][MessageChannel::SendAndWait] Error: Channel error: cannot send/recv

1579103618689	mozrunner::runner	INFO	Running command: "C:\\Program Files\\Mozilla Firefox\\firefox.exe" "-marionette" "-foreground" "-no-remote" "-profile" "C:\\Users\\Home\\AppData\\Local\\Temp\\rust_mozprofileRJdtx0"
1579103619626	addons.webextension.doh-rollout@mozilla.org	WARN	Loading extension 'doh-rollout@mozilla.org': Reading manifest: Invalid extension permission: networkStatus
1579103619821	addons.webextension.screenshots@mozilla.org	WARN	Loading extension 'screenshots@mozilla.org': Reading manifest: Invalid extension permission: mozillaAddons
1579103619822	addons.webextension.screenshots@mozilla.org	WARN	Loading extension 'screenshots@mozilla.org': Reading manifest: Invalid extension permission: telemetry
1579103619822	addons.webextension.screenshots@mozilla.org	WARN	Loading extension 'screenshots@mozilla.org': Reading manifest: Invalid extension permission: resource://pdf.js/
1579103619822	addons.webextension.screenshots@mozilla.org	WARN	Loading extension 'screenshots@mozilla.org': Reading manifest: Invalid extension permission: about:reader*
JavaScript error: resource://gre/modules/XULStore.jsm, line 66: Error: Can't find profile directory.
1579103623178	Marionette	INFO	Listening on port 53042
1579103623516	Marionette	WARN	TLS certificate errors will be ignored for this session
JavaScript warning: https://ajax.googleapis.com/ajax/libs/jquery/1.9.1/jquery.min.js, line 2: Using //@ to indicate sourceMappingURL pragmas is deprecated. Use //# instead
JavaScript warning: https://ajax.googleapis.com/ajax/libs/jquery/1.9.1/jquery.min.js, line 2: Using //@ to indicate sourceMappingURL pragmas is deprecated. Use //# instead
JavaScript warning: https://ajax.googleapis.com/ajax/libs/jquery/1.9.1/jquery.min.js, line 2: Using //@ to indicate sourceMappingURL pragmas is deprecated. Use //# instead
JavaScript warning: https://ajax.googleapis.com/ajax/libs/jquery/1.9.1/jquery.min.js, line 2: Using //@ to indicate sourceMappingURL pragmas is deprecated. Use //# instead
1579103639310	Marionette	INFO	Stopped listening on port 53042

###!!! [Child][RunMessage] Error: Channel closing: too late to send/recv, messages will be lost


###!!! [Child][MessageChannel::SendAndWait] Error: Channel error: cannot send/recv

1579103643603	mozrunner::runner	INFO	Running command: "C:\\Program Files\\Mozilla Firefox\\firefox.exe" "-marionette" "-foreground" "-no-remote" "-profile" "C:\\Users\\Home\\AppData\\Local\\Temp\\rust_mozprofilex0SGSQ"
1579103644284	addons.webextension.doh-rollout@mozilla.org	WARN	Loading extension 'doh-rollout@mozilla.org': Reading manifest: Invalid extension permission: networkStatus
1579103644506	addons.webextension.screenshots@mozilla.org	WARN	Loading extension 'screenshots@mozilla.org': Reading manifest: Invalid extension permission: mozillaAddons
1579103644506	addons.webextension.screenshots@mozilla.org	WARN	Loading extension 'screenshots@mozilla.org': Reading manifest: Invalid extension permission: telemetry
1579103644506	addons.webextension.screenshots@mozilla.org	WARN	Loading extension 'screenshots@mozilla.org': Reading manifest: Invalid extension permission: resource://pdf.js/
1579103644506	addons.webextension.screenshots@mozilla.org	WARN	Loading extension 'screenshots@mozilla.org': Reading manifest: Invalid extension permission: about:reader*
JavaScript error: resource://gre/modules/XULStore.jsm, line 66: Error: Can't find profile directory.
1579103646768	Marionette	INFO	Listening on port 53110
1579103647242	Marionette	WARN	TLS certificate errors will be ignored for this session
JavaScript warning: https://ajax.googleapis.com/ajax/libs/jquery/1.9.1/jquery.min.js, line 2: Using //@ to indicate sourceMappingURL pragmas is deprecated. Use //# instead
JavaScript warning: https://ajax.googleapis.com/ajax/libs/jquery/1.9.1/jquery.min.js, line 2: Using //@ to indicate sourceMappingURL pragmas is deprecated. Use //# instead
JavaScript warning: https://ajax.googleapis.com/ajax/libs/jquery/1.9.1/jquery.min.js, line 2: Using //@ to indicate sourceMappingURL pragmas is deprecated. Use //# instead
JavaScript warning: https://ajax.googleapis.com/ajax/libs/jquery/1.9.1/jquery.min.js, line 2: Using //@ to indicate sourceMappingURL pragmas is deprecated. Use //# instead
1579103660589	Marionette	WARN	TimedPromise timed out after 500 ms: stacktrace:
bail@chrome://marionette/content/sync.js:237:64
1579103673301	Marionette	INFO	Stopped listening on port 53110

###!!! [Child][RunMessage] Error: Channel closing: too late to send/recv, messages will be lost


###!!! [Child][MessageChannel::SendAndWait] Error: Channel error: cannot send/recv

1579104310097	mozrunner::runner	INFO	Running command: "C:\\Program Files\\Mozilla Firefox\\firefox.exe" "-marionette" "-foreground" "-no-remote" "-profile" "C:\\Users\\Home\\AppData\\Local\\Temp\\rust_mozprofileynaVG1"
1579104310808	addons.webextension.doh-rollout@mozilla.org	WARN	Loading extension 'doh-rollout@mozilla.org': Reading manifest: Invalid extension permission: networkStatus
1579104310967	addons.webextension.screenshots@mozilla.org	WARN	Loading extension 'screenshots@mozilla.org': Reading manifest: Invalid extension permission: mozillaAddons
1579104310967	addons.webextension.screenshots@mozilla.org	WARN	Loading extension 'screenshots@mozilla.org': Reading manifest: Invalid extension permission: telemetry
1579104310967	addons.webextension.screenshots@mozilla.org	WARN	Loading extension 'screenshots@mozilla.org': Reading manifest: Invalid extension permission: resource://pdf.js/
1579104310967	addons.webextension.screenshots@mozilla.org	WARN	Loading extension 'screenshots@mozilla.org': Reading manifest: Invalid extension permission: about:reader*
JavaScript error: resource://gre/modules/XULStore.jsm, line 66: Error: Can't find profile directory.
1579104313178	Marionette	INFO	Listening on port 53235
1579104313245	Marionette	WARN	TLS certificate errors will be ignored for this session
JavaScript warning: https://ajax.googleapis.com/ajax/libs/jquery/1.9.1/jquery.min.js, line 2: Using //@ to indicate sourceMappingURL pragmas is deprecated. Use //# instead
JavaScript warning: https://ajax.googleapis.com/ajax/libs/jquery/1.9.1/jquery.min.js, line 2: Using //@ to indicate sourceMappingURL pragmas is deprecated. Use //# instead
JavaScript warning: https://ajax.googleapis.com/ajax/libs/jquery/1.9.1/jquery.min.js, line 2: Using //@ to indicate sourceMappingURL pragmas is deprecated. Use //# instead
JavaScript warning: https://ajax.googleapis.com/ajax/libs/jquery/1.9.1/jquery.min.js, line 2: Using //@ to indicate sourceMappingURL pragmas is deprecated. Use //# instead
1579104327007	Marionette	WARN	TimedPromise timed out after 500 ms: stacktrace:
bail@chrome://marionette/content/sync.js:237:64
1579104339927	Marionette	INFO	Stopped listening on port 53235

###!!! [Child][RunMessage] Error: Channel closing: too late to send/recv, messages will be lost


###!!! [Child][MessageChannel::SendAndWait] Error: Channel error: cannot send/recv

1579104556480	mozrunner::runner	INFO	Running command: "C:\\Program Files\\Mozilla Firefox\\firefox.exe" "-marionette" "-foreground" "-no-remote" "-profile" "C:\\Users\\Home\\AppData\\Local\\Temp\\rust_mozprofilewJ0sLn"
1579104557064	addons.webextension.doh-rollout@mozilla.org	WARN	Loading extension 'doh-rollout@mozilla.org': Reading manifest: Invalid extension permission: networkStatus
1579104557296	addons.webextension.screenshots@mozilla.org	WARN	Loading extension 'screenshots@mozilla.org': Reading manifest: Invalid extension permission: mozillaAddons
1579104557297	addons.webextension.screenshots@mozilla.org	WARN	Loading extension 'screenshots@mozilla.org': Reading manifest: Invalid extension permission: telemetry
1579104557297	addons.webextension.screenshots@mozilla.org	WARN	Loading extension 'screenshots@mozilla.org': Reading manifest: Invalid extension permission: resource://pdf.js/
1579104557297	addons.webextension.screenshots@mozilla.org	WARN	Loading extension 'screenshots@mozilla.org': Reading manifest: Invalid extension permission: about:reader*
JavaScript error: resource://gre/modules/XULStore.jsm, line 66: Error: Can't find profile directory.
1579104559710	Marionette	INFO	Listening on port 53345
1579104560114	Marionette	WARN	TLS certificate errors will be ignored for this session
JavaScript warning: https://ajax.googleapis.com/ajax/libs/jquery/1.9.1/jquery.min.js, line 2: Using //@ to indicate sourceMappingURL pragmas is deprecated. Use //# instead
JavaScript warning: https://ajax.googleapis.com/ajax/libs/jquery/1.9.1/jquery.min.js, line 2: Using //@ to indicate sourceMappingURL pragmas is deprecated. Use //# instead
JavaScript warning: https://ajax.googleapis.com/ajax/libs/jquery/1.9.1/jquery.min.js, line 2: Using //@ to indicate sourceMappingURL pragmas is deprecated. Use //# instead
JavaScript warning: https://ajax.googleapis.com/ajax/libs/jquery/1.9.1/jquery.min.js, line 2: Using //@ to indicate sourceMappingURL pragmas is deprecated. Use //# instead
1579104575213	Marionette	INFO	Stopped listening on port 53345

###!!! [Child][RunMessage] Error: Channel closing: too late to send/recv, messages will be lost


###!!! [Child][RunMessage] Error: Channel closing: too late to send/recv, messages will be lost


###!!! [Child][RunMessage] Error: Channel closing: too late to send/recv, messages will be lost


###!!! [Child][RunMessage] Error: Channel closing: too late to send/recv, messages will be lost


###!!! [Child][RunMessage] Error: Channel closing: too late to send/recv, messages will be lost


###!!! [Child][RunMessage] Error: Channel closing: too late to send/recv, messages will be lost


###!!! [Child][MessageChannel::SendAndWait] Error: Channel error: cannot send/recv

1579104580376	mozrunner::runner	INFO	Running command: "C:\\Program Files\\Mozilla Firefox\\firefox.exe" "-marionette" "-foreground" "-no-remote" "-profile" "C:\\Users\\Home\\AppData\\Local\\Temp\\rust_mozprofilemWXSXW"
1579104581076	addons.webextension.doh-rollout@mozilla.org	WARN	Loading extension 'doh-rollout@mozilla.org': Reading manifest: Invalid extension permission: networkStatus
1579104581242	addons.webextension.screenshots@mozilla.org	WARN	Loading extension 'screenshots@mozilla.org': Reading manifest: Invalid extension permission: mozillaAddons
1579104581242	addons.webextension.screenshots@mozilla.org	WARN	Loading extension 'screenshots@mozilla.org': Reading manifest: Invalid extension permission: telemetry
1579104581243	addons.webextension.screenshots@mozilla.org	WARN	Loading extension 'screenshots@mozilla.org': Reading manifest: Invalid extension permission: resource://pdf.js/
1579104581243	addons.webextension.screenshots@mozilla.org	WARN	Loading extension 'screenshots@mozilla.org': Reading manifest: Invalid extension permission: about:reader*
JavaScript error: resource://gre/modules/XULStore.jsm, line 66: Error: Can't find profile directory.
1579104583499	Marionette	INFO	Listening on port 53424
1579104583534	Marionette	WARN	TLS certificate errors will be ignored for this session
JavaScript warning: https://ajax.googleapis.com/ajax/libs/jquery/1.9.1/jquery.min.js, line 2: Using //@ to indicate sourceMappingURL pragmas is deprecated. Use //# instead
JavaScript warning: https://ajax.googleapis.com/ajax/libs/jquery/1.9.1/jquery.min.js, line 2: Using //@ to indicate sourceMappingURL pragmas is deprecated. Use //# instead
1579104587302	Marionette	WARN	TimedPromise timed out after 500 ms: stacktrace:
bail@chrome://marionette/content/sync.js:237:64
JavaScript warning: https://ajax.googleapis.com/ajax/libs/jquery/1.9.1/jquery.min.js, line 2: Using //@ to indicate sourceMappingURL pragmas is deprecated. Use //# instead
JavaScript warning: https://ajax.googleapis.com/ajax/libs/jquery/1.9.1/jquery.min.js, line 2: Using //@ to indicate sourceMappingURL pragmas is deprecated. Use //# instead
1579104598625	Marionette	WARN	TimedPromise timed out after 500 ms: stacktrace:
bail@chrome://marionette/content/sync.js:237:64
1579104612095	Marionette	INFO	Stopped listening on port 53424

###!!! [Child][RunMessage] Error: Channel closing: too late to send/recv, messages will be lost


###!!! [Child][MessageChannel::SendAndWait] Error: Channel error: cannot send/recv

1579104616452	mozrunner::runner	INFO	Running command: "C:\\Program Files\\Mozilla Firefox\\firefox.exe" "-marionette" "-foreground" "-no-remote" "-profile" "C:\\Users\\Home\\AppData\\Local\\Temp\\rust_mozprofileGxHYJM"
1579104617209	addons.webextension.doh-rollout@mozilla.org	WARN	Loading extension 'doh-rollout@mozilla.org': Reading manifest: Invalid extension permission: networkStatus
1579104617423	addons.webextension.screenshots@mozilla.org	WARN	Loading extension 'screenshots@mozilla.org': Reading manifest: Invalid extension permission: mozillaAddons
1579104617423	addons.webextension.screenshots@mozilla.org	WARN	Loading extension 'screenshots@mozilla.org': Reading manifest: Invalid extension permission: telemetry
1579104617423	addons.webextension.screenshots@mozilla.org	WARN	Loading extension 'screenshots@mozilla.org': Reading manifest: Invalid extension permission: resource://pdf.js/
1579104617423	addons.webextension.screenshots@mozilla.org	WARN	Loading extension 'screenshots@mozilla.org': Reading manifest: Invalid extension permission: about:reader*
JavaScript error: resource://gre/modules/XULStore.jsm, line 66: Error: Can't find profile directory.
1579104619800	Marionette	INFO	Listening on port 53490
1579104620094	Marionette	WARN	TLS certificate errors will be ignored for this session
JavaScript warning: https://ajax.googleapis.com/ajax/libs/jquery/1.9.1/jquery.min.js, line 2: Using //@ to indicate sourceMappingURL pragmas is deprecated. Use //# instead
JavaScript warning: https://ajax.googleapis.com/ajax/libs/jquery/1.9.1/jquery.min.js, line 2: Using //@ to indicate sourceMappingURL pragmas is deprecated. Use //# instead
1579104623216	Marionette	WARN	TimedPromise timed out after 500 ms: stacktrace:
bail@chrome://marionette/content/sync.js:237:64
1579104685238	mozrunner::runner	INFO	Running command: "C:\\Program Files\\Mozilla Firefox\\firefox.exe" "-marionette" "-foreground" "-no-remote" "-profile" "C:\\Users\\Home\\AppData\\Local\\Temp\\rust_mozprofileIrEthW"
1579104686087	addons.webextension.doh-rollout@mozilla.org	WARN	Loading extension 'doh-rollout@mozilla.org': Reading manifest: Invalid extension permission: networkStatus
1579104686280	addons.webextension.screenshots@mozilla.org	WARN	Loading extension 'screenshots@mozilla.org': Reading manifest: Invalid extension permission: mozillaAddons
1579104686280	addons.webextension.screenshots@mozilla.org	WARN	Loading extension 'screenshots@mozilla.org': Reading manifest: Invalid extension permission: telemetry
1579104686280	addons.webextension.screenshots@mozilla.org	WARN	Loading extension 'screenshots@mozilla.org': Reading manifest: Invalid extension permission: resource://pdf.js/
1579104686280	addons.webextension.screenshots@mozilla.org	WARN	Loading extension 'screenshots@mozilla.org': Reading manifest: Invalid extension permission: about:reader*
JavaScript error: resource://gre/modules/XULStore.jsm, line 66: Error: Can't find profile directory.
1579104688868	Marionette	INFO	Listening on port 53597
1579104688882	Marionette	WARN	TLS certificate errors will be ignored for this session
JavaScript warning: https://ajax.googleapis.com/ajax/libs/jquery/1.9.1/jquery.min.js, line 2: Using //@ to indicate sourceMappingURL pragmas is deprecated. Use //# instead
JavaScript warning: https://ajax.googleapis.com/ajax/libs/jquery/1.9.1/jquery.min.js, line 2: Using //@ to indicate sourceMappingURL pragmas is deprecated. Use //# instead
JavaScript warning: https://ajax.googleapis.com/ajax/libs/jquery/1.9.1/jquery.min.js, line 2: Using //@ to indicate sourceMappingURL pragmas is deprecated. Use //# instead
JavaScript warning: https://ajax.googleapis.com/ajax/libs/jquery/1.9.1/jquery.min.js, line 2: Using //@ to indicate sourceMappingURL pragmas is deprecated. Use //# instead
1579104704959	Marionette	INFO	Stopped listening on port 53597

###!!! [Child][RunMessage] Error: Channel closing: too late to send/recv, messages will be lost


###!!! [Child][MessageChannel::SendAndWait] Error: Channel error: cannot send/recv

1579104709327	mozrunner::runner	INFO	Running command: "C:\\Program Files\\Mozilla Firefox\\firefox.exe" "-marionette" "-foreground" "-no-remote" "-profile" "C:\\Users\\Home\\AppData\\Local\\Temp\\rust_mozprofileA423In"
1579104709963	addons.webextension.doh-rollout@mozilla.org	WARN	Loading extension 'doh-rollout@mozilla.org': Reading manifest: Invalid extension permission: networkStatus
1579104710131	addons.webextension.screenshots@mozilla.org	WARN	Loading extension 'screenshots@mozilla.org': Reading manifest: Invalid extension permission: mozillaAddons
1579104710131	addons.webextension.screenshots@mozilla.org	WARN	Loading extension 'screenshots@mozilla.org': Reading manifest: Invalid extension permission: telemetry
1579104710131	addons.webextension.screenshots@mozilla.org	WARN	Loading extension 'screenshots@mozilla.org': Reading manifest: Invalid extension permission: resource://pdf.js/
1579104710131	addons.webextension.screenshots@mozilla.org	WARN	Loading extension 'screenshots@mozilla.org': Reading manifest: Invalid extension permission: about:reader*
JavaScript error: resource://gre/modules/XULStore.jsm, line 66: Error: Can't find profile directory.
1579104712409	Marionette	INFO	Listening on port 53671
1579104712469	Marionette	WARN	TLS certificate errors will be ignored for this session
JavaScript warning: https://ajax.googleapis.com/ajax/libs/jquery/1.9.1/jquery.min.js, line 2: Using //@ to indicate sourceMappingURL pragmas is deprecated. Use //# instead
JavaScript warning: https://ajax.googleapis.com/ajax/libs/jquery/1.9.1/jquery.min.js, line 2: Using //@ to indicate sourceMappingURL pragmas is deprecated. Use //# instead
1579104717819	Marionette	WARN	TimedPromise timed out after 500 ms: stacktrace:
bail@chrome://marionette/content/sync.js:237:64
JavaScript warning: https://ajax.googleapis.com/ajax/libs/jquery/1.9.1/jquery.min.js, line 2: Using //@ to indicate sourceMappingURL pragmas is deprecated. Use //# instead
JavaScript warning: https://ajax.googleapis.com/ajax/libs/jquery/1.9.1/jquery.min.js, line 2: Using //@ to indicate sourceMappingURL pragmas is deprecated. Use //# instead
1579104729312	Marionette	WARN	TimedPromise timed out after 500 ms: stacktrace:
bail@chrome://marionette/content/sync.js:237:64
1579104742328	Marionette	INFO	Stopped listening on port 53671

###!!! [Child][RunMessage] Error: Channel closing: too late to send/recv, messages will be lost


###!!! [Child][MessageChannel::SendAndWait] Error: Channel error: cannot send/recv

1579104746608	mozrunner::runner	INFO	Running command: "C:\\Program Files\\Mozilla Firefox\\firefox.exe" "-marionette" "-foreground" "-no-remote" "-profile" "C:\\Users\\Home\\AppData\\Local\\Temp\\rust_mozprofilemqJuG2"
1579104747436	addons.webextension.doh-rollout@mozilla.org	WARN	Loading extension 'doh-rollout@mozilla.org': Reading manifest: Invalid extension permission: networkStatus
1579104747627	addons.webextension.screenshots@mozilla.org	WARN	Loading extension 'screenshots@mozilla.org': Reading manifest: Invalid extension permission: mozillaAddons
1579104747627	addons.webextension.screenshots@mozilla.org	WARN	Loading extension 'screenshots@mozilla.org': Reading manifest: Invalid extension permission: telemetry
1579104747627	addons.webextension.screenshots@mozilla.org	WARN	Loading extension 'screenshots@mozilla.org': Reading manifest: Invalid extension permission: resource://pdf.js/
1579104747627	addons.webextension.screenshots@mozilla.org	WARN	Loading extension 'screenshots@mozilla.org': Reading manifest: Invalid extension permission: about:reader*
JavaScript error: resource://gre/modules/XULStore.jsm, line 66: Error: Can't find profile directory.
1579104750176	Marionette	INFO	Listening on port 53748
1579104750274	Marionette	WARN	TLS certificate errors will be ignored for this session
JavaScript warning: https://ajax.googleapis.com/ajax/libs/jquery/1.9.1/jquery.min.js, line 2: Using //@ to indicate sourceMappingURL pragmas is deprecated. Use //# instead
JavaScript warning: https://ajax.googleapis.com/ajax/libs/jquery/1.9.1/jquery.min.js, line 2: Using //@ to indicate sourceMappingURL pragmas is deprecated. Use //# instead
1579104754162	Marionette	WARN	TimedPromise timed out after 500 ms: stacktrace:
bail@chrome://marionette/content/sync.js:237:64
JavaScript warning: https://ajax.googleapis.com/ajax/libs/jquery/1.9.1/jquery.min.js, line 2: Using //@ to indicate sourceMappingURL pragmas is deprecated. Use //# instead
JavaScript warning: https://ajax.googleapis.com/ajax/libs/jquery/1.9.1/jquery.min.js, line 2: Using //@ to indicate sourceMappingURL pragmas is deprecated. Use //# instead
1579104766311	Marionette	INFO	Stopped listening on port 53748

###!!! [Child][RunMessage] Error: Channel closing: too late to send/recv, messages will be lost


###!!! [Child][MessageChannel::SendAndWait] Error: Channel error: cannot send/recv

1579105256236	mozrunner::runner	INFO	Running command: "C:\\Program Files\\Mozilla Firefox\\firefox.exe" "-marionette" "-foreground" "-no-remote" "-profile" "C:\\Users\\Home\\AppData\\Local\\Temp\\rust_mozprofileNvZABk"
1579105257178	addons.webextension.doh-rollout@mozilla.org	WARN	Loading extension 'doh-rollout@mozilla.org': Reading manifest: Invalid extension permission: networkStatus
1579105257302	addons.webextension.screenshots@mozilla.org	WARN	Loading extension 'screenshots@mozilla.org': Reading manifest: Invalid extension permission: mozillaAddons
1579105257302	addons.webextension.screenshots@mozilla.org	WARN	Loading extension 'screenshots@mozilla.org': Reading manifest: Invalid extension permission: telemetry
1579105257302	addons.webextension.screenshots@mozilla.org	WARN	Loading extension 'screenshots@mozilla.org': Reading manifest: Invalid extension permission: resource://pdf.js/
1579105257302	addons.webextension.screenshots@mozilla.org	WARN	Loading extension 'screenshots@mozilla.org': Reading manifest: Invalid extension permission: about:reader*
JavaScript error: resource://gre/modules/XULStore.jsm, line 66: Error: Can't find profile directory.
1579105259676	Marionette	INFO	Listening on port 53939
1579105259901	Marionette	WARN	TLS certificate errors will be ignored for this session
JavaScript warning: https://ajax.googleapis.com/ajax/libs/jquery/1.9.1/jquery.min.js, line 2: Using //@ to indicate sourceMappingURL pragmas is deprecated. Use //# instead
JavaScript warning: https://ajax.googleapis.com/ajax/libs/jquery/1.9.1/jquery.min.js, line 2: Using //@ to indicate sourceMappingURL pragmas is deprecated. Use //# instead
JavaScript warning: https://ajax.googleapis.com/ajax/libs/jquery/1.9.1/jquery.min.js, line 2: Using //@ to indicate sourceMappingURL pragmas is deprecated. Use //# instead
JavaScript warning: https://ajax.googleapis.com/ajax/libs/jquery/1.9.1/jquery.min.js, line 2: Using //@ to indicate sourceMappingURL pragmas is deprecated. Use //# instead
1579105273272	Marionette	INFO	Stopped listening on port 53939

###!!! [Child][RunMessage] Error: Channel closing: too late to send/recv, messages will be lost


###!!! [Child][MessageChannel::SendAndWait] Error: Channel error: cannot send/recv

1579105277687	mozrunner::runner	INFO	Running command: "C:\\Program Files\\Mozilla Firefox\\firefox.exe" "-marionette" "-foreground" "-no-remote" "-profile" "C:\\Users\\Home\\AppData\\Local\\Temp\\rust_mozprofileFqxAge"
1579105278220	addons.webextension.doh-rollout@mozilla.org	WARN	Loading extension 'doh-rollout@mozilla.org': Reading manifest: Invalid extension permission: networkStatus
1579105278438	addons.webextension.screenshots@mozilla.org	WARN	Loading extension 'screenshots@mozilla.org': Reading manifest: Invalid extension permission: mozillaAddons
1579105278438	addons.webextension.screenshots@mozilla.org	WARN	Loading extension 'screenshots@mozilla.org': Reading manifest: Invalid extension permission: telemetry
1579105278439	addons.webextension.screenshots@mozilla.org	WARN	Loading extension 'screenshots@mozilla.org': Reading manifest: Invalid extension permission: resource://pdf.js/
1579105278439	addons.webextension.screenshots@mozilla.org	WARN	Loading extension 'screenshots@mozilla.org': Reading manifest: Invalid extension permission: about:reader*
JavaScript error: resource://gre/modules/XULStore.jsm, line 66: Error: Can't find profile directory.
1579105280564	Marionette	INFO	Listening on port 54009
1579105280829	Marionette	WARN	TLS certificate errors will be ignored for this session
JavaScript warning: https://ajax.googleapis.com/ajax/libs/jquery/1.9.1/jquery.min.js, line 2: Using //@ to indicate sourceMappingURL pragmas is deprecated. Use //# instead
JavaScript warning: https://ajax.googleapis.com/ajax/libs/jquery/1.9.1/jquery.min.js, line 2: Using //@ to indicate sourceMappingURL pragmas is deprecated. Use //# instead
JavaScript warning: https://ajax.googleapis.com/ajax/libs/jquery/1.9.1/jquery.min.js, line 2: Using //@ to indicate sourceMappingURL pragmas is deprecated. Use //# instead
JavaScript warning: https://ajax.googleapis.com/ajax/libs/jquery/1.9.1/jquery.min.js, line 2: Using //@ to indicate sourceMappingURL pragmas is deprecated. Use //# instead
1579105295691	Marionette	INFO	Stopped listening on port 54009

###!!! [Child][MessageChannel::SendAndWait] Error: Channel error: cannot send/recv

